<?xml version="1.0" encoding="UTF-8"?>
<testsuite xmlns:xsi="http://www.w3.org/2001/XMLSchema-instance" xsi:noNamespaceSchemaLocation="https://maven.apache.org/surefire/maven-surefire-plugin/xsd/surefire-test-report.xsd" name="dev.snowdrop.example.LocalTest" time="5.425" tests="2" errors="0" skipped="0" failures="0">
  <properties>
    <property name="java.specification.version" value="17"/>
    <property name="sun.cpu.isalist" value="amd64"/>
    <property name="sun.jnu.encoding" value="Cp1252"/>
    <property name="java.class.path" value="C:\Users\Melvin Cruz\Desktop\Nueva carpeta\dockerfile-deploy\target\test-classes;C:\Users\Melvin Cruz\Desktop\Nueva carpeta\dockerfile-deploy\target\classes;C:\Users\Melvin Cruz\.m2\repository\org\springframework\boot\spring-boot-starter-actuator\2.4.9\spring-boot-starter-actuator-2.4.9.jar;C:\Users\Melvin Cruz\.m2\repository\org\springframework\boot\spring-boot-starter\2.4.9\spring-boot-starter-2.4.9.jar;C:\Users\Melvin Cruz\.m2\repository\org\springframework\boot\spring-boot-starter-logging\2.4.9\spring-boot-starter-logging-2.4.9.jar;C:\Users\Melvin Cruz\.m2\repository\ch\qos\logback\logback-classic\1.2.4\logback-classic-1.2.4.jar;C:\Users\Melvin Cruz\.m2\repository\ch\qos\logback\logback-core\1.2.4\logback-core-1.2.4.jar;C:\Users\Melvin Cruz\.m2\repository\org\apache\logging\log4j\log4j-to-slf4j\2.13.3\log4j-to-slf4j-2.13.3.jar;C:\Users\Melvin Cruz\.m2\repository\org\apache\logging\log4j\log4j-api\2.13.3\log4j-api-2.13.3.jar;C:\Users\Melvin Cruz\.m2\repository\org\slf4j\jul-to-slf4j\1.7.32\jul-to-slf4j-1.7.32.jar;C:\Users\Melvin Cruz\.m2\repository\jakarta\annotation\jakarta.annotation-api\1.3.5\jakarta.annotation-api-1.3.5.jar;C:\Users\Melvin Cruz\.m2\repository\org\yaml\snakeyaml\1.27\snakeyaml-1.27.jar;C:\Users\Melvin Cruz\.m2\repository\org\springframework\boot\spring-boot-actuator-autoconfigure\2.4.9\spring-boot-actuator-autoconfigure-2.4.9.jar;C:\Users\Melvin Cruz\.m2\repository\org\springframework\boot\spring-boot-actuator\2.4.9\spring-boot-actuator-2.4.9.jar;C:\Users\Melvin Cruz\.m2\repository\io\micrometer\micrometer-core\1.6.9\micrometer-core-1.6.9.jar;C:\Users\Melvin Cruz\.m2\repository\org\hdrhistogram\HdrHistogram\2.1.12\HdrHistogram-2.1.12.jar;C:\Users\Melvin Cruz\.m2\repository\org\latencyutils\LatencyUtils\2.0.3\LatencyUtils-2.0.3.jar;C:\Users\Melvin Cruz\.m2\repository\org\jboss\resteasy\resteasy-spring-boot-starter\3.9.1.Final\resteasy-spring-boot-starter-3.9.1.Final.jar;C:\Users\Melvin Cruz\.m2\repository\org\springframework\boot\spring-boot-starter-web\2.4.9\spring-boot-starter-web-2.4.9.jar;C:\Users\Melvin Cruz\.m2\repository\org\springframework\boot\spring-boot-starter-json\2.4.9\spring-boot-starter-json-2.4.9.jar;C:\Users\Melvin Cruz\.m2\repository\org\springframework\boot\spring-boot-starter-tomcat\2.4.9\spring-boot-starter-tomcat-2.4.9.jar;C:\Users\Melvin Cruz\.m2\repository\org\apache\tomcat\embed\tomcat-embed-core\9.0.50\tomcat-embed-core-9.0.50.jar;C:\Users\Melvin Cruz\.m2\repository\org\glassfish\jakarta.el\3.0.3\jakarta.el-3.0.3.jar;C:\Users\Melvin Cruz\.m2\repository\org\apache\tomcat\embed\tomcat-embed-websocket\9.0.50\tomcat-embed-websocket-9.0.50.jar;C:\Users\Melvin Cruz\.m2\repository\org\springframework\spring-web\5.3.9\spring-web-5.3.9.jar;C:\Users\Melvin Cruz\.m2\repository\org\springframework\spring-beans\5.3.9\spring-beans-5.3.9.jar;C:\Users\Melvin Cruz\.m2\repository\org\springframework\spring-webmvc\5.3.9\spring-webmvc-5.3.9.jar;C:\Users\Melvin Cruz\.m2\repository\org\springframework\spring-aop\5.3.9\spring-aop-5.3.9.jar;C:\Users\Melvin Cruz\.m2\repository\org\springframework\spring-expression\5.3.9\spring-expression-5.3.9.jar;C:\Users\Melvin Cruz\.m2\repository\org\jboss\resteasy\resteasy-jaxrs\3.15.1.Final\resteasy-jaxrs-3.15.1.Final.jar;C:\Users\Melvin Cruz\.m2\repository\org\jboss\spec\javax\ws\rs\jboss-jaxrs-api_2.1_spec\2.0.1.Final\jboss-jaxrs-api_2.1_spec-2.0.1.Final.jar;C:\Users\Melvin Cruz\.m2\repository\org\jboss\spec\javax\xml\bind\jboss-jaxb-api_2.3_spec\2.0.1.Final\jboss-jaxb-api_2.3_spec-2.0.1.Final.jar;C:\Users\Melvin Cruz\.m2\repository\org\reactivestreams\reactive-streams\1.0.3\reactive-streams-1.0.3.jar;C:\Users\Melvin Cruz\.m2\repository\jakarta\validation\jakarta.validation-api\2.0.2\jakarta.validation-api-2.0.2.jar;C:\Users\Melvin Cruz\.m2\repository\org\jboss\spec\javax\annotation\jboss-annotations-api_1.3_spec\2.0.1.Final\jboss-annotations-api_1.3_spec-2.0.1.Final.jar;C:\Users\Melvin Cruz\.m2\repository\com\sun\activation\jakarta.activation\1.2.2\jakarta.activation-1.2.2.jar;C:\Users\Melvin Cruz\.m2\repository\commons-io\commons-io\2.5\commons-io-2.5.jar;C:\Users\Melvin Cruz\.m2\repository\com\github\stephenc\jcip\jcip-annotations\1.0-1\jcip-annotations-1.0-1.jar;C:\Users\Melvin Cruz\.m2\repository\org\jboss\resteasy\resteasy-servlet-initializer\3.15.1.Final\resteasy-servlet-initializer-3.15.1.Final.jar;C:\Users\Melvin Cruz\.m2\repository\org\jboss\resteasy\resteasy-spring\3.15.1.Final\resteasy-spring-3.15.1.Final.jar;C:\Users\Melvin Cruz\.m2\repository\org\jboss\resteasy\resteasy-jackson2-provider\3.15.1.Final\resteasy-jackson2-provider-3.15.1.Final.jar;C:\Users\Melvin Cruz\.m2\repository\com\github\fge\json-patch\1.9\json-patch-1.9.jar;C:\Users\Melvin Cruz\.m2\repository\com\github\fge\jackson-coreutils\1.6\jackson-coreutils-1.6.jar;C:\Users\Melvin Cruz\.m2\repository\com\github\fge\msg-simple\1.1\msg-simple-1.1.jar;C:\Users\Melvin Cruz\.m2\repository\com\github\fge\btf\1.2\btf-1.2.jar;C:\Users\Melvin Cruz\.m2\repository\javax\servlet\javax.servlet-api\4.0.1\javax.servlet-api-4.0.1.jar;C:\Users\Melvin Cruz\.m2\repository\javax\annotation\javax.annotation-api\1.3.2\javax.annotation-api-1.3.2.jar;C:\Users\Melvin Cruz\.m2\repository\org\glassfish\javax.json\1.1.2\javax.json-1.1.2.jar;C:\Users\Melvin Cruz\.m2\repository\javax\json\javax.json-api\1.1.4\javax.json-api-1.1.4.jar;C:\Users\Melvin Cruz\.m2\repository\org\slf4j\slf4j-api\1.7.32\slf4j-api-1.7.32.jar;C:\Users\Melvin Cruz\.m2\repository\org\jboss\logging\jboss-logging\3.4.2.Final\jboss-logging-3.4.2.Final.jar;C:\Users\Melvin Cruz\.m2\repository\com\fasterxml\jackson\core\jackson-databind\2.11.4\jackson-databind-2.11.4.jar;C:\Users\Melvin Cruz\.m2\repository\com\fasterxml\jackson\core\jackson-core\2.11.4\jackson-core-2.11.4.jar;C:\Users\Melvin Cruz\.m2\repository\com\fasterxml\jackson\jaxrs\jackson-jaxrs-json-provider\2.11.4\jackson-jaxrs-json-provider-2.11.4.jar;C:\Users\Melvin Cruz\.m2\repository\com\fasterxml\jackson\jaxrs\jackson-jaxrs-base\2.11.4\jackson-jaxrs-base-2.11.4.jar;C:\Users\Melvin Cruz\.m2\repository\com\fasterxml\jackson\module\jackson-module-jaxb-annotations\2.11.4\jackson-module-jaxb-annotations-2.11.4.jar;C:\Users\Melvin Cruz\.m2\repository\com\fasterxml\jackson\datatype\jackson-datatype-jdk8\2.11.4\jackson-datatype-jdk8-2.11.4.jar;C:\Users\Melvin Cruz\.m2\repository\com\fasterxml\jackson\module\jackson-module-parameter-names\2.11.4\jackson-module-parameter-names-2.11.4.jar;C:\Users\Melvin Cruz\.m2\repository\com\fasterxml\jackson\datatype\jackson-datatype-jsr310\2.11.4\jackson-datatype-jsr310-2.11.4.jar;C:\Users\Melvin Cruz\.m2\repository\com\fasterxml\jackson\core\jackson-annotations\2.11.4\jackson-annotations-2.11.4.jar;C:\Users\Melvin Cruz\.m2\repository\com\google\guava\guava\25.0-jre\guava-25.0-jre.jar;C:\Users\Melvin Cruz\.m2\repository\com\google\code\findbugs\jsr305\1.3.9\jsr305-1.3.9.jar;C:\Users\Melvin Cruz\.m2\repository\org\checkerframework\checker-compat-qual\2.0.0\checker-compat-qual-2.0.0.jar;C:\Users\Melvin Cruz\.m2\repository\com\google\errorprone\error_prone_annotations\2.1.3\error_prone_annotations-2.1.3.jar;C:\Users\Melvin Cruz\.m2\repository\com\google\j2objc\j2objc-annotations\1.1\j2objc-annotations-1.1.jar;C:\Users\Melvin Cruz\.m2\repository\org\codehaus\mojo\animal-sniffer-annotations\1.14\animal-sniffer-annotations-1.14.jar;C:\Users\Melvin Cruz\.m2\repository\org\junit\jupiter\junit-jupiter-api\5.7.2\junit-jupiter-api-5.7.2.jar;C:\Users\Melvin Cruz\.m2\repository\org\apiguardian\apiguardian-api\1.1.0\apiguardian-api-1.1.0.jar;C:\Users\Melvin Cruz\.m2\repository\org\opentest4j\opentest4j\1.2.0\opentest4j-1.2.0.jar;C:\Users\Melvin Cruz\.m2\repository\org\junit\platform\junit-platform-commons\1.7.2\junit-platform-commons-1.7.2.jar;C:\Users\Melvin Cruz\.m2\repository\org\springframework\boot\spring-boot-devtools\2.4.9\spring-boot-devtools-2.4.9.jar;C:\Users\Melvin Cruz\.m2\repository\org\springframework\boot\spring-boot\2.4.9\spring-boot-2.4.9.jar;C:\Users\Melvin Cruz\.m2\repository\org\springframework\spring-context\5.3.9\spring-context-5.3.9.jar;C:\Users\Melvin Cruz\.m2\repository\org\springframework\boot\spring-boot-autoconfigure\2.4.9\spring-boot-autoconfigure-2.4.9.jar;C:\Users\Melvin Cruz\.m2\repository\org\springframework\boot\spring-boot-starter-test\2.4.9\spring-boot-starter-test-2.4.9.jar;C:\Users\Melvin Cruz\.m2\repository\org\springframework\boot\spring-boot-test\2.4.9\spring-boot-test-2.4.9.jar;C:\Users\Melvin Cruz\.m2\repository\org\springframework\boot\spring-boot-test-autoconfigure\2.4.9\spring-boot-test-autoconfigure-2.4.9.jar;C:\Users\Melvin Cruz\.m2\repository\com\jayway\jsonpath\json-path\2.4.0\json-path-2.4.0.jar;C:\Users\Melvin Cruz\.m2\repository\net\minidev\json-smart\2.3.1\json-smart-2.3.1.jar;C:\Users\Melvin Cruz\.m2\repository\net\minidev\accessors-smart\2.3.1\accessors-smart-2.3.1.jar;C:\Users\Melvin Cruz\.m2\repository\org\ow2\asm\asm\5.0.4\asm-5.0.4.jar;C:\Users\Melvin Cruz\.m2\repository\jakarta\xml\bind\jakarta.xml.bind-api\2.3.3\jakarta.xml.bind-api-2.3.3.jar;C:\Users\Melvin Cruz\.m2\repository\jakarta\activation\jakarta.activation-api\1.2.2\jakarta.activation-api-1.2.2.jar;C:\Users\Melvin Cruz\.m2\repository\org\assertj\assertj-core\3.18.1\assertj-core-3.18.1.jar;C:\Users\Melvin Cruz\.m2\repository\org\hamcrest\hamcrest\2.2\hamcrest-2.2.jar;C:\Users\Melvin Cruz\.m2\repository\org\junit\jupiter\junit-jupiter\5.7.2\junit-jupiter-5.7.2.jar;C:\Users\Melvin Cruz\.m2\repository\org\junit\jupiter\junit-jupiter-params\5.7.2\junit-jupiter-params-5.7.2.jar;C:\Users\Melvin Cruz\.m2\repository\org\mockito\mockito-core\3.6.28\mockito-core-3.6.28.jar;C:\Users\Melvin Cruz\.m2\repository\net\bytebuddy\byte-buddy\1.10.22\byte-buddy-1.10.22.jar;C:\Users\Melvin Cruz\.m2\repository\net\bytebuddy\byte-buddy-agent\1.10.22\byte-buddy-agent-1.10.22.jar;C:\Users\Melvin Cruz\.m2\repository\org\objenesis\objenesis\3.1\objenesis-3.1.jar;C:\Users\Melvin Cruz\.m2\repository\org\mockito\mockito-junit-jupiter\3.6.28\mockito-junit-jupiter-3.6.28.jar;C:\Users\Melvin Cruz\.m2\repository\org\skyscreamer\jsonassert\1.5.0\jsonassert-1.5.0.jar;C:\Users\Melvin Cruz\.m2\repository\com\vaadin\external\google\android-json\0.0.20131108.vaadin1\android-json-0.0.20131108.vaadin1.jar;C:\Users\Melvin Cruz\.m2\repository\org\springframework\spring-core\5.3.9\spring-core-5.3.9.jar;C:\Users\Melvin Cruz\.m2\repository\org\springframework\spring-jcl\5.3.9\spring-jcl-5.3.9.jar;C:\Users\Melvin Cruz\.m2\repository\org\springframework\spring-test\5.3.9\spring-test-5.3.9.jar;C:\Users\Melvin Cruz\.m2\repository\org\xmlunit\xmlunit-core\2.7.0\xmlunit-core-2.7.0.jar;C:\Users\Melvin Cruz\.m2\repository\io\rest-assured\rest-assured\3.3.0\rest-assured-3.3.0.jar;C:\Users\Melvin Cruz\.m2\repository\org\codehaus\groovy\groovy\2.5.14\groovy-2.5.14.jar;C:\Users\Melvin Cruz\.m2\repository\org\codehaus\groovy\groovy-xml\2.5.14\groovy-xml-2.5.14.jar;C:\Users\Melvin Cruz\.m2\repository\org\apache\httpcomponents\httpclient\4.5.13\httpclient-4.5.13.jar;C:\Users\Melvin Cruz\.m2\repository\org\apache\httpcomponents\httpcore\4.4.14\httpcore-4.4.14.jar;C:\Users\Melvin Cruz\.m2\repository\commons-codec\commons-codec\1.15\commons-codec-1.15.jar;C:\Users\Melvin Cruz\.m2\repository\org\apache\httpcomponents\httpmime\4.5.13\httpmime-4.5.13.jar;C:\Users\Melvin Cruz\.m2\repository\org\hamcrest\hamcrest-core\2.2\hamcrest-core-2.2.jar;C:\Users\Melvin Cruz\.m2\repository\org\hamcrest\hamcrest-library\2.2\hamcrest-library-2.2.jar;C:\Users\Melvin Cruz\.m2\repository\org\ccil\cowan\tagsoup\tagsoup\1.2.1\tagsoup-1.2.1.jar;C:\Users\Melvin Cruz\.m2\repository\io\rest-assured\json-path\3.3.0\json-path-3.3.0.jar;C:\Users\Melvin Cruz\.m2\repository\org\codehaus\groovy\groovy-json\2.5.14\groovy-json-2.5.14.jar;C:\Users\Melvin Cruz\.m2\repository\io\rest-assured\rest-assured-common\3.3.0\rest-assured-common-3.3.0.jar;C:\Users\Melvin Cruz\.m2\repository\io\rest-assured\xml-path\3.3.0\xml-path-3.3.0.jar;C:\Users\Melvin Cruz\.m2\repository\org\apache\commons\commons-lang3\3.11\commons-lang3-3.11.jar;C:\Users\Melvin Cruz\.m2\repository\javax\xml\bind\jaxb-api\2.3.1\jaxb-api-2.3.1.jar;C:\Users\Melvin Cruz\.m2\repository\javax\activation\javax.activation-api\1.2.0\javax.activation-api-1.2.0.jar;C:\Users\Melvin Cruz\.m2\repository\com\sun\xml\bind\jaxb-osgi\2.2.10\jaxb-osgi-2.2.10.jar;C:\Users\Melvin Cruz\.m2\repository\org\apache\sling\org.apache.sling.javax.activation\0.1.0\org.apache.sling.javax.activation-0.1.0.jar;C:\Users\Melvin Cruz\.m2\repository\javax\activation\activation\1.1.1\activation-1.1.1.jar;C:\Users\Melvin Cruz\.m2\repository\io\dekorate\openshift-junit\2.4.1\openshift-junit-2.4.1.jar;C:\Users\Melvin Cruz\.m2\repository\io\dekorate\dekorate-core\2.4.1\dekorate-core-2.4.1.jar;C:\Users\Melvin Cruz\.m2\repository\io\fabric8\kubernetes-client\5.1.1\kubernetes-client-5.1.1.jar;C:\Users\Melvin Cruz\.m2\repository\io\fabric8\kubernetes-model-core\5.1.1\kubernetes-model-core-5.1.1.jar;C:\Users\Melvin Cruz\.m2\repository\io\fabric8\kubernetes-model-common\5.1.1\kubernetes-model-common-5.1.1.jar;C:\Users\Melvin Cruz\.m2\repository\io\fabric8\kubernetes-model-rbac\5.1.1\kubernetes-model-rbac-5.1.1.jar;C:\Users\Melvin Cruz\.m2\repository\io\fabric8\kubernetes-model-admissionregistration\5.1.1\kubernetes-model-admissionregistration-5.1.1.jar;C:\Users\Melvin Cruz\.m2\repository\io\fabric8\kubernetes-model-apps\5.1.1\kubernetes-model-apps-5.1.1.jar;C:\Users\Melvin Cruz\.m2\repository\io\fabric8\kubernetes-model-autoscaling\5.1.1\kubernetes-model-autoscaling-5.1.1.jar;C:\Users\Melvin Cruz\.m2\repository\io\fabric8\kubernetes-model-apiextensions\5.1.1\kubernetes-model-apiextensions-5.1.1.jar;C:\Users\Melvin Cruz\.m2\repository\io\fabric8\kubernetes-model-batch\5.1.1\kubernetes-model-batch-5.1.1.jar;C:\Users\Melvin Cruz\.m2\repository\io\fabric8\kubernetes-model-certificates\5.1.1\kubernetes-model-certificates-5.1.1.jar;C:\Users\Melvin Cruz\.m2\repository\io\fabric8\kubernetes-model-coordination\5.1.1\kubernetes-model-coordination-5.1.1.jar;C:\Users\Melvin Cruz\.m2\repository\io\fabric8\kubernetes-model-discovery\5.1.1\kubernetes-model-discovery-5.1.1.jar;C:\Users\Melvin Cruz\.m2\repository\io\fabric8\kubernetes-model-events\5.1.1\kubernetes-model-events-5.1.1.jar;C:\Users\Melvin Cruz\.m2\repository\io\fabric8\kubernetes-model-extensions\5.1.1\kubernetes-model-extensions-5.1.1.jar;C:\Users\Melvin Cruz\.m2\repository\io\fabric8\kubernetes-model-networking\5.1.1\kubernetes-model-networking-5.1.1.jar;C:\Users\Melvin Cruz\.m2\repository\io\fabric8\kubernetes-model-metrics\5.1.1\kubernetes-model-metrics-5.1.1.jar;C:\Users\Melvin Cruz\.m2\repository\io\fabric8\kubernetes-model-policy\5.1.1\kubernetes-model-policy-5.1.1.jar;C:\Users\Melvin Cruz\.m2\repository\io\fabric8\kubernetes-model-scheduling\5.1.1\kubernetes-model-scheduling-5.1.1.jar;C:\Users\Melvin Cruz\.m2\repository\io\fabric8\kubernetes-model-storageclass\5.1.1\kubernetes-model-storageclass-5.1.1.jar;C:\Users\Melvin Cruz\.m2\repository\io\fabric8\kubernetes-model-node\5.1.1\kubernetes-model-node-5.1.1.jar;C:\Users\Melvin Cruz\.m2\repository\com\squareup\okhttp3\okhttp\3.14.9\okhttp-3.14.9.jar;C:\Users\Melvin Cruz\.m2\repository\com\squareup\okio\okio\1.17.2\okio-1.17.2.jar;C:\Users\Melvin Cruz\.m2\repository\com\squareup\okhttp3\logging-interceptor\3.14.9\logging-interceptor-3.14.9.jar;C:\Users\Melvin Cruz\.m2\repository\io\fabric8\zjsonpatch\0.3.0\zjsonpatch-0.3.0.jar;C:\Users\Melvin Cruz\.m2\repository\com\github\mifmif\generex\1.0.2\generex-1.0.2.jar;C:\Users\Melvin Cruz\.m2\repository\dk\brics\automaton\automaton\1.11-8\automaton-1.11-8.jar;C:\Users\Melvin Cruz\.m2\repository\org\apache\commons\commons-compress\1.19\commons-compress-1.19.jar;C:\Users\Melvin Cruz\.m2\repository\com\fasterxml\jackson\dataformat\jackson-dataformat-yaml\2.11.4\jackson-dataformat-yaml-2.11.4.jar;C:\Users\Melvin Cruz\.m2\repository\com\fasterxml\jackson\dataformat\jackson-dataformat-properties\2.11.4\jackson-dataformat-properties-2.11.4.jar;C:\Users\Melvin Cruz\.m2\repository\org\fusesource\jansi\jansi\1.18\jansi-1.18.jar;C:\Users\Melvin Cruz\.m2\repository\io\dekorate\core-junit\2.4.1\core-junit-2.4.1.jar;C:\Users\Melvin Cruz\.m2\repository\org\junit\jupiter\junit-jupiter-engine\5.7.2\junit-jupiter-engine-5.7.2.jar;C:\Users\Melvin Cruz\.m2\repository\org\junit\platform\junit-platform-engine\1.7.2\junit-platform-engine-1.7.2.jar;C:\Users\Melvin Cruz\.m2\repository\io\dekorate\kubernetes-junit\2.4.1\kubernetes-junit-2.4.1.jar;"/>
    <property name="java.vm.vendor" value="Eclipse Adoptium"/>
    <property name="sun.arch.data.model" value="64"/>
    <property name="user.variant" value=""/>
    <property name="java.vendor.url" value="https://adoptium.net/"/>
    <property name="user.timezone" value="America/Mexico_City"/>
    <property name="os.name" value="Windows 10"/>
    <property name="java.vm.specification.version" value="17"/>
    <property name="sun.java.launcher" value="SUN_STANDARD"/>
    <property name="user.country" value="HN"/>
    <property name="sun.boot.library.path" value="C:\Users\Melvin Cruz\Desktop\sts-4.16.0.RELEASE\plugins\org.eclipse.justj.openjdk.hotspot.jre.full.win32.x86_64_17.0.4.v20220903-1038\jre\bin"/>
    <property name="sun.java.command" value="C:\Users\MELVIN~1\AppData\Local\Temp\surefire1637149727735922524\surefirebooter118547332929292303.jar C:\Users\Melvin Cruz\AppData\Local\Temp\surefire1637149727735922524 2023-06-19T11-14-05_156-jvmRun1 surefire875708977066426681tmp surefire_04602015738359590552tmp"/>
    <property name="jdk.debug" value="release"/>
    <property name="surefire.test.class.path" value="C:\Users\Melvin Cruz\Desktop\Nueva carpeta\dockerfile-deploy\target\test-classes;C:\Users\Melvin Cruz\Desktop\Nueva carpeta\dockerfile-deploy\target\classes;C:\Users\Melvin Cruz\.m2\repository\org\springframework\boot\spring-boot-starter-actuator\2.4.9\spring-boot-starter-actuator-2.4.9.jar;C:\Users\Melvin Cruz\.m2\repository\org\springframework\boot\spring-boot-starter\2.4.9\spring-boot-starter-2.4.9.jar;C:\Users\Melvin Cruz\.m2\repository\org\springframework\boot\spring-boot-starter-logging\2.4.9\spring-boot-starter-logging-2.4.9.jar;C:\Users\Melvin Cruz\.m2\repository\ch\qos\logback\logback-classic\1.2.4\logback-classic-1.2.4.jar;C:\Users\Melvin Cruz\.m2\repository\ch\qos\logback\logback-core\1.2.4\logback-core-1.2.4.jar;C:\Users\Melvin Cruz\.m2\repository\org\apache\logging\log4j\log4j-to-slf4j\2.13.3\log4j-to-slf4j-2.13.3.jar;C:\Users\Melvin Cruz\.m2\repository\org\apache\logging\log4j\log4j-api\2.13.3\log4j-api-2.13.3.jar;C:\Users\Melvin Cruz\.m2\repository\org\slf4j\jul-to-slf4j\1.7.32\jul-to-slf4j-1.7.32.jar;C:\Users\Melvin Cruz\.m2\repository\jakarta\annotation\jakarta.annotation-api\1.3.5\jakarta.annotation-api-1.3.5.jar;C:\Users\Melvin Cruz\.m2\repository\org\yaml\snakeyaml\1.27\snakeyaml-1.27.jar;C:\Users\Melvin Cruz\.m2\repository\org\springframework\boot\spring-boot-actuator-autoconfigure\2.4.9\spring-boot-actuator-autoconfigure-2.4.9.jar;C:\Users\Melvin Cruz\.m2\repository\org\springframework\boot\spring-boot-actuator\2.4.9\spring-boot-actuator-2.4.9.jar;C:\Users\Melvin Cruz\.m2\repository\io\micrometer\micrometer-core\1.6.9\micrometer-core-1.6.9.jar;C:\Users\Melvin Cruz\.m2\repository\org\hdrhistogram\HdrHistogram\2.1.12\HdrHistogram-2.1.12.jar;C:\Users\Melvin Cruz\.m2\repository\org\latencyutils\LatencyUtils\2.0.3\LatencyUtils-2.0.3.jar;C:\Users\Melvin Cruz\.m2\repository\org\jboss\resteasy\resteasy-spring-boot-starter\3.9.1.Final\resteasy-spring-boot-starter-3.9.1.Final.jar;C:\Users\Melvin Cruz\.m2\repository\org\springframework\boot\spring-boot-starter-web\2.4.9\spring-boot-starter-web-2.4.9.jar;C:\Users\Melvin Cruz\.m2\repository\org\springframework\boot\spring-boot-starter-json\2.4.9\spring-boot-starter-json-2.4.9.jar;C:\Users\Melvin Cruz\.m2\repository\org\springframework\boot\spring-boot-starter-tomcat\2.4.9\spring-boot-starter-tomcat-2.4.9.jar;C:\Users\Melvin Cruz\.m2\repository\org\apache\tomcat\embed\tomcat-embed-core\9.0.50\tomcat-embed-core-9.0.50.jar;C:\Users\Melvin Cruz\.m2\repository\org\glassfish\jakarta.el\3.0.3\jakarta.el-3.0.3.jar;C:\Users\Melvin Cruz\.m2\repository\org\apache\tomcat\embed\tomcat-embed-websocket\9.0.50\tomcat-embed-websocket-9.0.50.jar;C:\Users\Melvin Cruz\.m2\repository\org\springframework\spring-web\5.3.9\spring-web-5.3.9.jar;C:\Users\Melvin Cruz\.m2\repository\org\springframework\spring-beans\5.3.9\spring-beans-5.3.9.jar;C:\Users\Melvin Cruz\.m2\repository\org\springframework\spring-webmvc\5.3.9\spring-webmvc-5.3.9.jar;C:\Users\Melvin Cruz\.m2\repository\org\springframework\spring-aop\5.3.9\spring-aop-5.3.9.jar;C:\Users\Melvin Cruz\.m2\repository\org\springframework\spring-expression\5.3.9\spring-expression-5.3.9.jar;C:\Users\Melvin Cruz\.m2\repository\org\jboss\resteasy\resteasy-jaxrs\3.15.1.Final\resteasy-jaxrs-3.15.1.Final.jar;C:\Users\Melvin Cruz\.m2\repository\org\jboss\spec\javax\ws\rs\jboss-jaxrs-api_2.1_spec\2.0.1.Final\jboss-jaxrs-api_2.1_spec-2.0.1.Final.jar;C:\Users\Melvin Cruz\.m2\repository\org\jboss\spec\javax\xml\bind\jboss-jaxb-api_2.3_spec\2.0.1.Final\jboss-jaxb-api_2.3_spec-2.0.1.Final.jar;C:\Users\Melvin Cruz\.m2\repository\org\reactivestreams\reactive-streams\1.0.3\reactive-streams-1.0.3.jar;C:\Users\Melvin Cruz\.m2\repository\jakarta\validation\jakarta.validation-api\2.0.2\jakarta.validation-api-2.0.2.jar;C:\Users\Melvin Cruz\.m2\repository\org\jboss\spec\javax\annotation\jboss-annotations-api_1.3_spec\2.0.1.Final\jboss-annotations-api_1.3_spec-2.0.1.Final.jar;C:\Users\Melvin Cruz\.m2\repository\com\sun\activation\jakarta.activation\1.2.2\jakarta.activation-1.2.2.jar;C:\Users\Melvin Cruz\.m2\repository\commons-io\commons-io\2.5\commons-io-2.5.jar;C:\Users\Melvin Cruz\.m2\repository\com\github\stephenc\jcip\jcip-annotations\1.0-1\jcip-annotations-1.0-1.jar;C:\Users\Melvin Cruz\.m2\repository\org\jboss\resteasy\resteasy-servlet-initializer\3.15.1.Final\resteasy-servlet-initializer-3.15.1.Final.jar;C:\Users\Melvin Cruz\.m2\repository\org\jboss\resteasy\resteasy-spring\3.15.1.Final\resteasy-spring-3.15.1.Final.jar;C:\Users\Melvin Cruz\.m2\repository\org\jboss\resteasy\resteasy-jackson2-provider\3.15.1.Final\resteasy-jackson2-provider-3.15.1.Final.jar;C:\Users\Melvin Cruz\.m2\repository\com\github\fge\json-patch\1.9\json-patch-1.9.jar;C:\Users\Melvin Cruz\.m2\repository\com\github\fge\jackson-coreutils\1.6\jackson-coreutils-1.6.jar;C:\Users\Melvin Cruz\.m2\repository\com\github\fge\msg-simple\1.1\msg-simple-1.1.jar;C:\Users\Melvin Cruz\.m2\repository\com\github\fge\btf\1.2\btf-1.2.jar;C:\Users\Melvin Cruz\.m2\repository\javax\servlet\javax.servlet-api\4.0.1\javax.servlet-api-4.0.1.jar;C:\Users\Melvin Cruz\.m2\repository\javax\annotation\javax.annotation-api\1.3.2\javax.annotation-api-1.3.2.jar;C:\Users\Melvin Cruz\.m2\repository\org\glassfish\javax.json\1.1.2\javax.json-1.1.2.jar;C:\Users\Melvin Cruz\.m2\repository\javax\json\javax.json-api\1.1.4\javax.json-api-1.1.4.jar;C:\Users\Melvin Cruz\.m2\repository\org\slf4j\slf4j-api\1.7.32\slf4j-api-1.7.32.jar;C:\Users\Melvin Cruz\.m2\repository\org\jboss\logging\jboss-logging\3.4.2.Final\jboss-logging-3.4.2.Final.jar;C:\Users\Melvin Cruz\.m2\repository\com\fasterxml\jackson\core\jackson-databind\2.11.4\jackson-databind-2.11.4.jar;C:\Users\Melvin Cruz\.m2\repository\com\fasterxml\jackson\core\jackson-core\2.11.4\jackson-core-2.11.4.jar;C:\Users\Melvin Cruz\.m2\repository\com\fasterxml\jackson\jaxrs\jackson-jaxrs-json-provider\2.11.4\jackson-jaxrs-json-provider-2.11.4.jar;C:\Users\Melvin Cruz\.m2\repository\com\fasterxml\jackson\jaxrs\jackson-jaxrs-base\2.11.4\jackson-jaxrs-base-2.11.4.jar;C:\Users\Melvin Cruz\.m2\repository\com\fasterxml\jackson\module\jackson-module-jaxb-annotations\2.11.4\jackson-module-jaxb-annotations-2.11.4.jar;C:\Users\Melvin Cruz\.m2\repository\com\fasterxml\jackson\datatype\jackson-datatype-jdk8\2.11.4\jackson-datatype-jdk8-2.11.4.jar;C:\Users\Melvin Cruz\.m2\repository\com\fasterxml\jackson\module\jackson-module-parameter-names\2.11.4\jackson-module-parameter-names-2.11.4.jar;C:\Users\Melvin Cruz\.m2\repository\com\fasterxml\jackson\datatype\jackson-datatype-jsr310\2.11.4\jackson-datatype-jsr310-2.11.4.jar;C:\Users\Melvin Cruz\.m2\repository\com\fasterxml\jackson\core\jackson-annotations\2.11.4\jackson-annotations-2.11.4.jar;C:\Users\Melvin Cruz\.m2\repository\com\google\guava\guava\25.0-jre\guava-25.0-jre.jar;C:\Users\Melvin Cruz\.m2\repository\com\google\code\findbugs\jsr305\1.3.9\jsr305-1.3.9.jar;C:\Users\Melvin Cruz\.m2\repository\org\checkerframework\checker-compat-qual\2.0.0\checker-compat-qual-2.0.0.jar;C:\Users\Melvin Cruz\.m2\repository\com\google\errorprone\error_prone_annotations\2.1.3\error_prone_annotations-2.1.3.jar;C:\Users\Melvin Cruz\.m2\repository\com\google\j2objc\j2objc-annotations\1.1\j2objc-annotations-1.1.jar;C:\Users\Melvin Cruz\.m2\repository\org\codehaus\mojo\animal-sniffer-annotations\1.14\animal-sniffer-annotations-1.14.jar;C:\Users\Melvin Cruz\.m2\repository\org\junit\jupiter\junit-jupiter-api\5.7.2\junit-jupiter-api-5.7.2.jar;C:\Users\Melvin Cruz\.m2\repository\org\apiguardian\apiguardian-api\1.1.0\apiguardian-api-1.1.0.jar;C:\Users\Melvin Cruz\.m2\repository\org\opentest4j\opentest4j\1.2.0\opentest4j-1.2.0.jar;C:\Users\Melvin Cruz\.m2\repository\org\junit\platform\junit-platform-commons\1.7.2\junit-platform-commons-1.7.2.jar;C:\Users\Melvin Cruz\.m2\repository\org\springframework\boot\spring-boot-devtools\2.4.9\spring-boot-devtools-2.4.9.jar;C:\Users\Melvin Cruz\.m2\repository\org\springframework\boot\spring-boot\2.4.9\spring-boot-2.4.9.jar;C:\Users\Melvin Cruz\.m2\repository\org\springframework\spring-context\5.3.9\spring-context-5.3.9.jar;C:\Users\Melvin Cruz\.m2\repository\org\springframework\boot\spring-boot-autoconfigure\2.4.9\spring-boot-autoconfigure-2.4.9.jar;C:\Users\Melvin Cruz\.m2\repository\org\springframework\boot\spring-boot-starter-test\2.4.9\spring-boot-starter-test-2.4.9.jar;C:\Users\Melvin Cruz\.m2\repository\org\springframework\boot\spring-boot-test\2.4.9\spring-boot-test-2.4.9.jar;C:\Users\Melvin Cruz\.m2\repository\org\springframework\boot\spring-boot-test-autoconfigure\2.4.9\spring-boot-test-autoconfigure-2.4.9.jar;C:\Users\Melvin Cruz\.m2\repository\com\jayway\jsonpath\json-path\2.4.0\json-path-2.4.0.jar;C:\Users\Melvin Cruz\.m2\repository\net\minidev\json-smart\2.3.1\json-smart-2.3.1.jar;C:\Users\Melvin Cruz\.m2\repository\net\minidev\accessors-smart\2.3.1\accessors-smart-2.3.1.jar;C:\Users\Melvin Cruz\.m2\repository\org\ow2\asm\asm\5.0.4\asm-5.0.4.jar;C:\Users\Melvin Cruz\.m2\repository\jakarta\xml\bind\jakarta.xml.bind-api\2.3.3\jakarta.xml.bind-api-2.3.3.jar;C:\Users\Melvin Cruz\.m2\repository\jakarta\activation\jakarta.activation-api\1.2.2\jakarta.activation-api-1.2.2.jar;C:\Users\Melvin Cruz\.m2\repository\org\assertj\assertj-core\3.18.1\assertj-core-3.18.1.jar;C:\Users\Melvin Cruz\.m2\repository\org\hamcrest\hamcrest\2.2\hamcrest-2.2.jar;C:\Users\Melvin Cruz\.m2\repository\org\junit\jupiter\junit-jupiter\5.7.2\junit-jupiter-5.7.2.jar;C:\Users\Melvin Cruz\.m2\repository\org\junit\jupiter\junit-jupiter-params\5.7.2\junit-jupiter-params-5.7.2.jar;C:\Users\Melvin Cruz\.m2\repository\org\mockito\mockito-core\3.6.28\mockito-core-3.6.28.jar;C:\Users\Melvin Cruz\.m2\repository\net\bytebuddy\byte-buddy\1.10.22\byte-buddy-1.10.22.jar;C:\Users\Melvin Cruz\.m2\repository\net\bytebuddy\byte-buddy-agent\1.10.22\byte-buddy-agent-1.10.22.jar;C:\Users\Melvin Cruz\.m2\repository\org\objenesis\objenesis\3.1\objenesis-3.1.jar;C:\Users\Melvin Cruz\.m2\repository\org\mockito\mockito-junit-jupiter\3.6.28\mockito-junit-jupiter-3.6.28.jar;C:\Users\Melvin Cruz\.m2\repository\org\skyscreamer\jsonassert\1.5.0\jsonassert-1.5.0.jar;C:\Users\Melvin Cruz\.m2\repository\com\vaadin\external\google\android-json\0.0.20131108.vaadin1\android-json-0.0.20131108.vaadin1.jar;C:\Users\Melvin Cruz\.m2\repository\org\springframework\spring-core\5.3.9\spring-core-5.3.9.jar;C:\Users\Melvin Cruz\.m2\repository\org\springframework\spring-jcl\5.3.9\spring-jcl-5.3.9.jar;C:\Users\Melvin Cruz\.m2\repository\org\springframework\spring-test\5.3.9\spring-test-5.3.9.jar;C:\Users\Melvin Cruz\.m2\repository\org\xmlunit\xmlunit-core\2.7.0\xmlunit-core-2.7.0.jar;C:\Users\Melvin Cruz\.m2\repository\io\rest-assured\rest-assured\3.3.0\rest-assured-3.3.0.jar;C:\Users\Melvin Cruz\.m2\repository\org\codehaus\groovy\groovy\2.5.14\groovy-2.5.14.jar;C:\Users\Melvin Cruz\.m2\repository\org\codehaus\groovy\groovy-xml\2.5.14\groovy-xml-2.5.14.jar;C:\Users\Melvin Cruz\.m2\repository\org\apache\httpcomponents\httpclient\4.5.13\httpclient-4.5.13.jar;C:\Users\Melvin Cruz\.m2\repository\org\apache\httpcomponents\httpcore\4.4.14\httpcore-4.4.14.jar;C:\Users\Melvin Cruz\.m2\repository\commons-codec\commons-codec\1.15\commons-codec-1.15.jar;C:\Users\Melvin Cruz\.m2\repository\org\apache\httpcomponents\httpmime\4.5.13\httpmime-4.5.13.jar;C:\Users\Melvin Cruz\.m2\repository\org\hamcrest\hamcrest-core\2.2\hamcrest-core-2.2.jar;C:\Users\Melvin Cruz\.m2\repository\org\hamcrest\hamcrest-library\2.2\hamcrest-library-2.2.jar;C:\Users\Melvin Cruz\.m2\repository\org\ccil\cowan\tagsoup\tagsoup\1.2.1\tagsoup-1.2.1.jar;C:\Users\Melvin Cruz\.m2\repository\io\rest-assured\json-path\3.3.0\json-path-3.3.0.jar;C:\Users\Melvin Cruz\.m2\repository\org\codehaus\groovy\groovy-json\2.5.14\groovy-json-2.5.14.jar;C:\Users\Melvin Cruz\.m2\repository\io\rest-assured\rest-assured-common\3.3.0\rest-assured-common-3.3.0.jar;C:\Users\Melvin Cruz\.m2\repository\io\rest-assured\xml-path\3.3.0\xml-path-3.3.0.jar;C:\Users\Melvin Cruz\.m2\repository\org\apache\commons\commons-lang3\3.11\commons-lang3-3.11.jar;C:\Users\Melvin Cruz\.m2\repository\javax\xml\bind\jaxb-api\2.3.1\jaxb-api-2.3.1.jar;C:\Users\Melvin Cruz\.m2\repository\javax\activation\javax.activation-api\1.2.0\javax.activation-api-1.2.0.jar;C:\Users\Melvin Cruz\.m2\repository\com\sun\xml\bind\jaxb-osgi\2.2.10\jaxb-osgi-2.2.10.jar;C:\Users\Melvin Cruz\.m2\repository\org\apache\sling\org.apache.sling.javax.activation\0.1.0\org.apache.sling.javax.activation-0.1.0.jar;C:\Users\Melvin Cruz\.m2\repository\javax\activation\activation\1.1.1\activation-1.1.1.jar;C:\Users\Melvin Cruz\.m2\repository\io\dekorate\openshift-junit\2.4.1\openshift-junit-2.4.1.jar;C:\Users\Melvin Cruz\.m2\repository\io\dekorate\dekorate-core\2.4.1\dekorate-core-2.4.1.jar;C:\Users\Melvin Cruz\.m2\repository\io\fabric8\kubernetes-client\5.1.1\kubernetes-client-5.1.1.jar;C:\Users\Melvin Cruz\.m2\repository\io\fabric8\kubernetes-model-core\5.1.1\kubernetes-model-core-5.1.1.jar;C:\Users\Melvin Cruz\.m2\repository\io\fabric8\kubernetes-model-common\5.1.1\kubernetes-model-common-5.1.1.jar;C:\Users\Melvin Cruz\.m2\repository\io\fabric8\kubernetes-model-rbac\5.1.1\kubernetes-model-rbac-5.1.1.jar;C:\Users\Melvin Cruz\.m2\repository\io\fabric8\kubernetes-model-admissionregistration\5.1.1\kubernetes-model-admissionregistration-5.1.1.jar;C:\Users\Melvin Cruz\.m2\repository\io\fabric8\kubernetes-model-apps\5.1.1\kubernetes-model-apps-5.1.1.jar;C:\Users\Melvin Cruz\.m2\repository\io\fabric8\kubernetes-model-autoscaling\5.1.1\kubernetes-model-autoscaling-5.1.1.jar;C:\Users\Melvin Cruz\.m2\repository\io\fabric8\kubernetes-model-apiextensions\5.1.1\kubernetes-model-apiextensions-5.1.1.jar;C:\Users\Melvin Cruz\.m2\repository\io\fabric8\kubernetes-model-batch\5.1.1\kubernetes-model-batch-5.1.1.jar;C:\Users\Melvin Cruz\.m2\repository\io\fabric8\kubernetes-model-certificates\5.1.1\kubernetes-model-certificates-5.1.1.jar;C:\Users\Melvin Cruz\.m2\repository\io\fabric8\kubernetes-model-coordination\5.1.1\kubernetes-model-coordination-5.1.1.jar;C:\Users\Melvin Cruz\.m2\repository\io\fabric8\kubernetes-model-discovery\5.1.1\kubernetes-model-discovery-5.1.1.jar;C:\Users\Melvin Cruz\.m2\repository\io\fabric8\kubernetes-model-events\5.1.1\kubernetes-model-events-5.1.1.jar;C:\Users\Melvin Cruz\.m2\repository\io\fabric8\kubernetes-model-extensions\5.1.1\kubernetes-model-extensions-5.1.1.jar;C:\Users\Melvin Cruz\.m2\repository\io\fabric8\kubernetes-model-networking\5.1.1\kubernetes-model-networking-5.1.1.jar;C:\Users\Melvin Cruz\.m2\repository\io\fabric8\kubernetes-model-metrics\5.1.1\kubernetes-model-metrics-5.1.1.jar;C:\Users\Melvin Cruz\.m2\repository\io\fabric8\kubernetes-model-policy\5.1.1\kubernetes-model-policy-5.1.1.jar;C:\Users\Melvin Cruz\.m2\repository\io\fabric8\kubernetes-model-scheduling\5.1.1\kubernetes-model-scheduling-5.1.1.jar;C:\Users\Melvin Cruz\.m2\repository\io\fabric8\kubernetes-model-storageclass\5.1.1\kubernetes-model-storageclass-5.1.1.jar;C:\Users\Melvin Cruz\.m2\repository\io\fabric8\kubernetes-model-node\5.1.1\kubernetes-model-node-5.1.1.jar;C:\Users\Melvin Cruz\.m2\repository\com\squareup\okhttp3\okhttp\3.14.9\okhttp-3.14.9.jar;C:\Users\Melvin Cruz\.m2\repository\com\squareup\okio\okio\1.17.2\okio-1.17.2.jar;C:\Users\Melvin Cruz\.m2\repository\com\squareup\okhttp3\logging-interceptor\3.14.9\logging-interceptor-3.14.9.jar;C:\Users\Melvin Cruz\.m2\repository\io\fabric8\zjsonpatch\0.3.0\zjsonpatch-0.3.0.jar;C:\Users\Melvin Cruz\.m2\repository\com\github\mifmif\generex\1.0.2\generex-1.0.2.jar;C:\Users\Melvin Cruz\.m2\repository\dk\brics\automaton\automaton\1.11-8\automaton-1.11-8.jar;C:\Users\Melvin Cruz\.m2\repository\org\apache\commons\commons-compress\1.19\commons-compress-1.19.jar;C:\Users\Melvin Cruz\.m2\repository\com\fasterxml\jackson\dataformat\jackson-dataformat-yaml\2.11.4\jackson-dataformat-yaml-2.11.4.jar;C:\Users\Melvin Cruz\.m2\repository\com\fasterxml\jackson\dataformat\jackson-dataformat-properties\2.11.4\jackson-dataformat-properties-2.11.4.jar;C:\Users\Melvin Cruz\.m2\repository\org\fusesource\jansi\jansi\1.18\jansi-1.18.jar;C:\Users\Melvin Cruz\.m2\repository\io\dekorate\core-junit\2.4.1\core-junit-2.4.1.jar;C:\Users\Melvin Cruz\.m2\repository\org\junit\jupiter\junit-jupiter-engine\5.7.2\junit-jupiter-engine-5.7.2.jar;C:\Users\Melvin Cruz\.m2\repository\org\junit\platform\junit-platform-engine\1.7.2\junit-platform-engine-1.7.2.jar;C:\Users\Melvin Cruz\.m2\repository\io\dekorate\kubernetes-junit\2.4.1\kubernetes-junit-2.4.1.jar;"/>
    <property name="sun.cpu.endian" value="little"/>
    <property name="user.home" value="C:\Users\Melvin Cruz"/>
    <property name="user.language" value="es"/>
    <property name="java.specification.vendor" value="Oracle Corporation"/>
    <property name="java.version.date" value="2022-08-12"/>
    <property name="java.home" value="C:\Users\Melvin Cruz\Desktop\sts-4.16.0.RELEASE\plugins\org.eclipse.justj.openjdk.hotspot.jre.full.win32.x86_64_17.0.4.v20220903-1038\jre"/>
    <property name="file.separator" value="\"/>
    <property name="style.color" value="always"/>
    <property name="basedir" value="C:\Users\Melvin Cruz\Desktop\Nueva carpeta\dockerfile-deploy"/>
    <property name="java.vm.compressedOopsMode" value="Zero based"/>
    <property name="line.separator" value="&#10;"/>
    <property name="java.vm.specification.vendor" value="Oracle Corporation"/>
    <property name="java.specification.name" value="Java Platform API Specification"/>
    <property name="surefire.real.class.path" value="C:\Users\MELVIN~1\AppData\Local\Temp\surefire1637149727735922524\surefirebooter118547332929292303.jar"/>
    <property name="user.script" value=""/>
    <property name="sun.management.compiler" value="HotSpot 64-Bit Tiered Compilers"/>
    <property name="java.runtime.version" value="17.0.4.1+1"/>
    <property name="user.name" value="Melvin Cruz"/>
    <property name="path.separator" value=";"/>
    <property name="os.version" value="10.0"/>
    <property name="java.runtime.name" value="OpenJDK Runtime Environment"/>
    <property name="file.encoding" value="Cp1252"/>
    <property name="java.vm.name" value="OpenJDK 64-Bit Server VM"/>
    <property name="java.vendor.version" value="Temurin-17.0.4.1+1"/>
    <property name="localRepository" value="C:\Users\Melvin Cruz\.m2\repository"/>
    <property name="java.vendor.url.bug" value="https://github.com/adoptium/adoptium-support/issues"/>
    <property name="java.io.tmpdir" value="C:\Users\MELVIN~1\AppData\Local\Temp\"/>
    <property name="java.version" value="17.0.4.1"/>
    <property name="user.dir" value="C:\Users\Melvin Cruz\Desktop\Nueva carpeta\dockerfile-deploy"/>
    <property name="os.arch" value="amd64"/>
    <property name="java.vm.specification.name" value="Java Virtual Machine Specification"/>
    <property name="sun.os.patch.level" value=""/>
    <property name="native.encoding" value="Cp1252"/>
    <property name="java.library.path" value="C:\Users\Melvin Cruz\Desktop\sts-4.16.0.RELEASE\plugins\org.eclipse.justj.openjdk.hotspot.jre.full.win32.x86_64_17.0.4.v20220903-1038\jre\bin;C:\WINDOWS\Sun\Java\bin;C:\WINDOWS\system32;C:\WINDOWS;C:/Users/Melvin Cruz/Desktop/sts-4.16.0.RELEASE//plugins/org.eclipse.justj.openjdk.hotspot.jre.full.win32.x86_64_17.0.4.v20220903-1038/jre/bin/server;C:/Users/Melvin Cruz/Desktop/sts-4.16.0.RELEASE//plugins/org.eclipse.justj.openjdk.hotspot.jre.full.win32.x86_64_17.0.4.v20220903-1038/jre/bin;C:\Program Files (x86)\Common Files\Oracle\Java\javapath;C:\WINDOWS\system32;C:\WINDOWS;C:\WINDOWS\System32\Wbem;C:\WINDOWS\System32\WindowsPowerShell\v1.0\;C:\WINDOWS\System32\OpenSSH\;C:\Program Files\Git\cmd;C:\Users\Melvin Cruz\AppData\Local\Microsoft\WindowsApps;;C:\Users\Melvin Cruz\Desktop\sts-4.16.0.RELEASE;;."/>
    <property name="java.vm.info" value="mixed mode"/>
    <property name="java.vendor" value="Eclipse Adoptium"/>
    <property name="java.vm.version" value="17.0.4.1+1"/>
    <property name="sun.io.unicode.encoding" value="UnicodeLittle"/>
    <property name="java.class.version" value="61.0"/>
  </properties>
  <testcase name="testGreetingEndpointWithNameParameter" classname="dev.snowdrop.example.LocalTest" time="1.642"/>
  <testcase name="testGreetingEndpoint" classname="dev.snowdrop.example.LocalTest" time="0.02"/>
</testsuite>